<?xml version="1.0" encoding="UTF-8"?>
<!-- Generated by org.testng.reporters.JUnitReportReporter -->
<testsuite hostname="DESKTOP-V49RBC1" failures="0" tests="1" name="com.it.bd.BrowserCommands" time="138.354" errors="0" timestamp="2024-06-02T23:45:17 BDT" skipped="0">
  <testcase classname="com.it.bd.BrowserCommands" name="getCurrentUrl" time="138.354"/>
  <system-out/>
</testsuite> <!-- com.it.bd.BrowserCommands -->
