<?xml version="1.0" encoding="UTF-8"?>
<!-- Generated by org.testng.reporters.JUnitReportReporter -->
<testsuite hostname="DESKTOP-V49RBC1" failures="0" tests="1" name="com.it.bd.InterectingWithWebElement" time="57.111" errors="0" timestamp="2024-06-02T22:53:14 BDT" skipped="0">
  <testcase classname="com.it.bd.InterectingWithWebElement" name="getText" time="57.111"/>
  <system-out/>
</testsuite> <!-- com.it.bd.InterectingWithWebElement -->
