<?xml version="1.0" encoding="UTF-8"?>
<!-- Generated by org.testng.reporters.JUnitReportReporter -->
<testsuite hostname="DESKTOP-V49RBC1" failures="0" tests="1" name="com.it.bd.LocatorExamples" time="20.540" errors="0" timestamp="2024-05-25T23:32:18 BDT" skipped="0">
  <testcase classname="com.it.bd.LocatorExamples" name="cssselectorLolocator" time="20.540"/>
  <system-out/>
</testsuite> <!-- com.it.bd.LocatorExamples -->
