<?xml version="1.0" encoding="UTF-8"?>
<!-- Generated by org.testng.reporters.JUnitReportReporter -->
<testsuite hostname="DESKTOP-V49RBC1" failures="0" tests="1" name="com.it.bd.CopyPasteExamples" time="90.946" errors="0" timestamp="2024-06-04T19:36:03 BDT" skipped="0">
  <testcase classname="com.it.bd.CopyPasteExamples" name="CopyPaste" time="90.946"/>
  <system-out/>
</testsuite> <!-- com.it.bd.CopyPasteExamples -->
