<?xml version="1.0" encoding="UTF-8"?>
<!-- Generated by org.testng.reporters.JUnitReportReporter -->
<testsuite hostname="DESKTOP-V49RBC1" failures="0" tests="1" name="com.it.bd.CopyPasteExample" time="39.647" errors="0" timestamp="2024-06-04T21:21:26 BDT" skipped="0">
  <testcase classname="com.it.bd.CopyPasteExample" name="CopyPasteTest" time="39.647"/>
  <system-out/>
</testsuite> <!-- com.it.bd.CopyPasteExample -->
