<?xml version="1.0" encoding="UTF-8"?>
<!-- Generated by org.testng.reporters.JUnitReportReporter -->
<testsuite hostname="DESKTOP-V49RBC1" failures="0" tests="1" name="com.it.bd.SelectExamples" time="17.796" errors="0" timestamp="2024-06-04T11:03:29 BDT" skipped="0">
  <testcase classname="com.it.bd.SelectExamples" name="HoverTest" time="17.796"/>
  <system-out/>
</testsuite> <!-- com.it.bd.SelectExamples -->
