<?xml version="1.0" encoding="UTF-8"?>
<!-- Generated by org.testng.reporters.JUnitReportReporter -->
<testsuite hostname="DESKTOP-V49RBC1" failures="0" tests="1" name="com.it.bd.TabAndWindowHandling" time="49.125" errors="0" timestamp="2024-06-06T17:26:45 BDT" skipped="0">
  <testcase classname="com.it.bd.TabAndWindowHandling" name="windowTest" time="49.125"/>
  <system-out/>
</testsuite> <!-- com.it.bd.TabAndWindowHandling -->
