<?xml version="1.0" encoding="UTF-8"?>
<!-- Generated by org.testng.reporters.JUnitReportReporter -->
<testsuite hostname="DESKTOP-V49RBC1" failures="0" tests="1" name="com.it.bd.HoverExamples" time="48.542" errors="0" timestamp="2024-06-03T22:35:42 BDT" skipped="0">
  <testcase classname="com.it.bd.HoverExamples" name="HoverTest" time="48.542"/>
  <system-out/>
</testsuite> <!-- com.it.bd.HoverExamples -->
