<?xml version="1.0" encoding="UTF-8"?>
<!-- Generated by org.testng.reporters.JUnitReportReporter -->
<testsuite hostname="DESKTOP-V49RBC1" failures="0" tests="1" name="com.it.bd.IFrameHandling" time="27.609" errors="0" timestamp="2024-06-06T12:23:40 BDT" skipped="0">
  <testcase classname="com.it.bd.IFrameHandling" name="testIFrame" time="27.609"/>
  <system-out/>
</testsuite> <!-- com.it.bd.IFrameHandling -->
