<?xml version="1.0" encoding="UTF-8"?>
<!-- Generated by org.testng.reporters.JUnitReportReporter -->
<testsuite hostname="DESKTOP-V49RBC1" failures="0" tests="1" name="com.it.bd.ScroolExamples" time="27.965" errors="0" timestamp="2024-06-04T18:18:30 BDT" skipped="0">
  <testcase classname="com.it.bd.ScroolExamples" name="ScroolTest" time="27.965"/>
  <system-out/>
</testsuite> <!-- com.it.bd.ScroolExamples -->
