<?xml version="1.0" encoding="UTF-8"?>
<!-- Generated by org.testng.reporters.JUnitReportReporter -->
<testsuite hostname="DESKTOP-V49RBC1" failures="0" tests="1" name="com.it.bd.AssertionExamples" time="13.068" errors="0" timestamp="2024-06-06T10:03:36 BDT" skipped="0">
  <testcase classname="com.it.bd.AssertionExamples" name="SoftAssertionTest" time="13.068"/>
  <system-out/>
</testsuite> <!-- com.it.bd.AssertionExamples -->
