<?xml version="1.0" encoding="UTF-8"?>
<!-- Generated by org.testng.reporters.JUnitReportReporter -->
<testsuite hostname="DESKTOP-V49RBC1" failures="0" tests="1" name="com.it.bd.AlertExamples" time="86.547" errors="0" timestamp="2024-06-03T13:41:04 BDT" skipped="0">
  <testcase classname="com.it.bd.AlertExamples" name="TestAlert" time="86.547"/>
  <system-out/>
</testsuite> <!-- com.it.bd.AlertExamples -->
