<?xml version="1.0" encoding="UTF-8"?>
<!-- Generated by org.testng.reporters.JUnitReportReporter -->
<testsuite hostname="DESKTOP-V49RBC1" failures="0" tests="1" name="com.it.bd.OpenUrl" time="2.477" errors="0" timestamp="2024-05-20T12:41:46 BDT" skipped="0">
  <testcase classname="com.it.bd.OpenUrl" name="TestUrl" time="2.477"/>
  <system-out/>
</testsuite> <!-- com.it.bd.OpenUrl -->
