<?xml version="1.0" encoding="UTF-8"?>
<!-- Generated by org.testng.reporters.JUnitReportReporter -->
<testsuite hostname="DESKTOP-V49RBC1" failures="0" tests="3" name="com.it.bd.TestNGExamples" time="0.010" errors="0" timestamp="2024-05-23T10:15:50 BDT" skipped="0">
  <testcase classname="com.it.bd.TestNGExamples" name="secondTest" time="0.006"/>
  <system-out/>
  <testcase classname="com.it.bd.TestNGExamples" name="firstTest" time="0.002"/>
  <system-out/>
  <testcase classname="com.it.bd.TestNGExamples" name="thirdTest" time="0.002"/>
  <system-out/>
</testsuite> <!-- com.it.bd.TestNGExamples -->
